<?xml version="1.0" encoding="UTF-8"?>
<!-- Generated by org.testng.reporters.JUnitXMLReporter -->
<testsuite hostname="DHRSJC00SM0029" ignored="0" name="AshtonPackage" tests="9" failures="0" timestamp="2020-02-20T16:48:09 IST" time="11.265" errors="0">
  <testcase name="test_user" time="1.235" classname="com.pid.qa.usermgmt.CRUD_UserResource"/>
  <testcase name="test_user" time="0.719" classname="com.pid.qa.usermgmt.CRUD_UserResource"/>
  <testcase name="test_user" time="0.813" classname="com.pid.qa.usermgmt.CRUD_UserResource"/>
  <testcase name="test_user" time="0.772" classname="com.pid.qa.usermgmt.CRUD_UserResource"/>
  <testcase name="test_user" time="0.662" classname="com.pid.qa.usermgmt.CRUD_UserResource"/>
  <testcase name="test_user" time="0.708" classname="com.pid.qa.usermgmt.CRUD_UserResource"/>
  <testcase name="test_user" time="0.682" classname="com.pid.qa.usermgmt.CRUD_UserResource"/>
  <testcase name="test_user" time="0.616" classname="com.pid.qa.usermgmt.CRUD_UserResource"/>
  <testcase name="test_user" time="1.934" classname="com.pid.qa.usermgmt.CRUD_UserResource"/>
</testsuite> <!-- AshtonPackage -->
